<?xml version="1.0" encoding="UTF-8"?>
<testng-results ignored="0" total="1" passed="1" failed="0" skipped="0">
  <reporter-output>
  </reporter-output>
  <suite started-at="2025-12-15T22:54:12 EST" name="Default suite" finished-at="2025-12-15T22:54:14 EST" duration-ms="2091">
    <groups>
    </groups>
    <test started-at="2025-12-15T22:54:12 EST" name="Default test" finished-at="2025-12-15T22:54:14 EST" duration-ms="2091">
      <class name="com.eCommerce.automation.ProdectsNameTest">
        <test-method is-config="true" signature="beforeSuite()[pri:0, instance:com.eCommerce.automation.ProdectsNameTest@245b4bdc]" started-at="2025-12-15T22:54:12 EST" name="beforeSuite" finished-at="2025-12-15T22:54:12 EST" duration-ms="147" status="PASS">
          <reporter-output>
          </reporter-output>
        </test-method> <!-- beforeSuite -->
        <test-method is-config="true" signature="readGlobalConfig()[pri:0, instance:com.eCommerce.automation.ProdectsNameTest@245b4bdc]" started-at="2025-12-15T22:54:12 EST" name="readGlobalConfig" finished-at="2025-12-15T22:54:12 EST" duration-ms="2" status="PASS">
          <reporter-output>
          </reporter-output>
        </test-method> <!-- readGlobalConfig -->
        <test-method is-config="true" signature="setUp()[pri:0, instance:com.eCommerce.automation.ProdectsNameTest@245b4bdc]" started-at="2025-12-15T22:54:12 EST" name="setUp" finished-at="2025-12-15T22:54:14 EST" duration-ms="1587" status="PASS">
          <reporter-output>
          </reporter-output>
        </test-method> <!-- setUp -->
        <test-method signature="sortProductName()[pri:0, instance:com.eCommerce.automation.ProdectsNameTest@245b4bdc]" started-at="2025-12-15T22:54:14 EST" name="sortProductName" finished-at="2025-12-15T22:54:14 EST" duration-ms="326" status="PASS">
          <reporter-output>
          </reporter-output>
        </test-method> <!-- sortProductName -->
        <test-method is-config="true" signature="tearDown()[pri:0, instance:com.eCommerce.automation.ProdectsNameTest@245b4bdc]" started-at="2025-12-15T22:54:14 EST" name="tearDown" finished-at="2025-12-15T22:54:14 EST" duration-ms="145" status="PASS">
          <reporter-output>
          </reporter-output>
        </test-method> <!-- tearDown -->
        <test-method is-config="true" signature="afterSuite()[pri:0, instance:com.eCommerce.automation.ProdectsNameTest@245b4bdc]" started-at="2025-12-15T22:54:14 EST" name="afterSuite" finished-at="2025-12-15T22:54:14 EST" duration-ms="203" status="PASS">
          <reporter-output>
          </reporter-output>
        </test-method> <!-- afterSuite -->
      </class> <!-- com.eCommerce.automation.ProdectsNameTest -->
    </test> <!-- Default test -->
  </suite> <!-- Default suite -->
</testng-results>
