<?xml version="1.0" encoding="UTF-8"?>
<testng-results ignored="0" total="1" passed="1" failed="0" skipped="0">
  <reporter-output>
  </reporter-output>
  <suite started-at="2025-11-30T23:50:07 EST" name="Default suite" finished-at="2025-11-30T23:50:12 EST" duration-ms="4542">
    <groups>
    </groups>
    <test started-at="2025-11-30T23:50:07 EST" name="Default test" finished-at="2025-11-30T23:50:12 EST" duration-ms="4542">
      <class name="com.eCommerce.automation.AddProductsTest">
        <test-method is-config="true" signature="beforeSuite()[pri:0, instance:com.eCommerce.automation.AddProductsTest@38102d01]" started-at="2025-11-30T23:50:07 EST" name="beforeSuite" finished-at="2025-11-30T23:50:07 EST" duration-ms="214" status="PASS">
          <reporter-output>
          </reporter-output>
        </test-method> <!-- beforeSuite -->
        <test-method is-config="true" signature="readGlobalConfig()[pri:0, instance:com.eCommerce.automation.AddProductsTest@38102d01]" started-at="2025-11-30T23:50:07 EST" name="readGlobalConfig" finished-at="2025-11-30T23:50:07 EST" duration-ms="4" status="PASS">
          <reporter-output>
          </reporter-output>
        </test-method> <!-- readGlobalConfig -->
        <test-method is-config="true" signature="setUp()[pri:0, instance:com.eCommerce.automation.AddProductsTest@38102d01]" started-at="2025-11-30T23:50:07 EST" name="setUp" finished-at="2025-11-30T23:50:09 EST" duration-ms="1850" status="PASS">
          <reporter-output>
          </reporter-output>
        </test-method> <!-- setUp -->
        <test-method signature="checkoutinf()[pri:0, instance:com.eCommerce.automation.AddProductsTest@38102d01]" started-at="2025-11-30T23:50:09 EST" name="checkoutinf" finished-at="2025-11-30T23:50:11 EST" duration-ms="2450" status="PASS">
          <reporter-output>
          </reporter-output>
        </test-method> <!-- checkoutinf -->
        <test-method is-config="true" signature="tearDown()[pri:0, instance:com.eCommerce.automation.AddProductsTest@38102d01]" started-at="2025-11-30T23:50:11 EST" name="tearDown" finished-at="2025-11-30T23:50:12 EST" duration-ms="189" status="PASS">
          <reporter-output>
          </reporter-output>
        </test-method> <!-- tearDown -->
        <test-method is-config="true" signature="afterSuite()[pri:0, instance:com.eCommerce.automation.AddProductsTest@38102d01]" started-at="2025-11-30T23:50:12 EST" name="afterSuite" finished-at="2025-11-30T23:50:12 EST" duration-ms="315" status="PASS">
          <reporter-output>
          </reporter-output>
        </test-method> <!-- afterSuite -->
      </class> <!-- com.eCommerce.automation.AddProductsTest -->
    </test> <!-- Default test -->
  </suite> <!-- Default suite -->
</testng-results>
